# JRE version: OpenJDK Runtime Environment (8.0_152-b01) (build 1.8.0_152-release-915-b01)
# Java VM: OpenJDK 64-Bit Server VM (25.152-b01 mixed mode windows-amd64 compressed oops)
Heap:
 PSYoungGen      total 208384K, used 13322K [0x00000000eab00000, 0x00000000fc880000, 0x0000000100000000)
  eden space 195072K, 1% used [0x00000000eab00000,0x00000000eae72b20,0x00000000f6980000)
  from space 13312K, 73% used [0x00000000f6980000,0x00000000f730fff0,0x00000000f7680000)
  to   space 14336K, 0% used [0x00000000fba80000,0x00000000fba80000,0x00000000fc880000)
 ParOldGen       total 98304K, used 41667K [0x00000000c0000000, 0x00000000c6000000, 0x00000000eab00000)
  object space 98304K, 42% used [0x00000000c0000000,0x00000000c28b0de0,0x00000000c6000000)
 Metaspace       used 74153K, capacity 77112K, committed 77332K, reserved 1116160K
  class space    used 9537K, capacity 10193K, committed 10260K, reserved 1048576K
GC Heap History (10 events):
Event: 69.559 GC heap before
{Heap before GC invocations=20 (full 3):
 PSYoungGen      total 122368K, used 118359K [0x00000000eab00000, 0x00000000f4a00000, 0x0000000100000000)
  eden space 110080K, 99% used [0x00000000eab00000,0x00000000f15ca0c0,0x00000000f1680000)
  from space 12288K, 73% used [0x00000000f2300000,0x00000000f2bcbda8,0x00000000f2f00000)
  to   space 12800K, 0% used [0x00000000f1680000,0x00000000f1680000,0x00000000f2300000)
 ParOldGen       total 98304K, used 30088K [0x00000000c0000000, 0x00000000c6000000, 0x00000000eab00000)
  object space 98304K, 30% used [0x00000000c0000000,0x00000000c1d62200,0x00000000c6000000)
 Metaspace       used 64071K, capacity 66186K, committed 66324K, reserved 1105920K
  class space    used 8417K, capacity 8904K, committed 8980K, reserved 1048576K
Event: 69.570 GC heap after
Heap after GC invocations=20 (full 3):
 PSYoungGen      total 122880K, used 7923K [0x00000000eab00000, 0x00000000f5080000, 0x0000000100000000)
  eden space 110080K, 0% used [0x00000000eab00000,0x00000000eab00000,0x00000000f1680000)
  from space 12800K, 61% used [0x00000000f1680000,0x00000000f1e3cef8,0x00000000f2300000)
  to   space 12800K, 0% used [0x00000000f4400000,0x00000000f4400000,0x00000000f5080000)
 ParOldGen       total 98304K, used 30096K [0x00000000c0000000, 0x00000000c6000000, 0x00000000eab00000)
  object space 98304K, 30% used [0x00000000c0000000,0x00000000c1d64200,0x00000000c6000000)
 Metaspace       used 64071K, capacity 66186K, committed 66324K, reserved 1105920K
  class space    used 8417K, capacity 8904K, committed 8980K, reserved 1048576K
}
Event: 69.593 GC heap before
{Heap before GC invocations=21 (full 3):
 PSYoungGen      total 122880K, used 117342K [0x00000000eab00000, 0x00000000f5080000, 0x0000000100000000)
  eden space 110080K, 99% used [0x00000000eab00000,0x00000000f15dab20,0x00000000f1680000)
  from space 12800K, 61% used [0x00000000f1680000,0x00000000f1e3cef8,0x00000000f2300000)
  to   space 12800K, 0% used [0x00000000f4400000,0x00000000f4400000,0x00000000f5080000)
 ParOldGen       total 98304K, used 30096K [0x00000000c0000000, 0x00000000c6000000, 0x00000000eab00000)
  object space 98304K, 30% used [0x00000000c0000000,0x00000000c1d64200,0x00000000c6000000)
 Metaspace       used 64077K, capacity 66186K, committed 66324K, reserved 1105920K
  class space    used 8417K, capacity 8904K, committed 8980K, reserved 1048576K
Event: 69.605 GC heap after
Heap after GC invocations=21 (full 3):
 PSYoungGen      total 156160K, used 64K [0x00000000eab00000, 0x00000000f5900000, 0x0000000100000000)
  eden space 143360K, 0% used [0x00000000eab00000,0x00000000eab00000,0x00000000f3700000)
  from space 12800K, 0% used [0x00000000f4400000,0x00000000f4410000,0x00000000f5080000)
  to   space 13312K, 0% used [0x00000000f3700000,0x00000000f3700000,0x00000000f4400000)
 ParOldGen       total 98304K, used 37699K [0x00000000c0000000, 0x00000000c6000000, 0x00000000eab00000)
  object space 98304K, 38% used [0x00000000c0000000,0x00000000c24d0c40,0x00000000c6000000)
 Metaspace       used 64077K, capacity 66186K, committed 66324K, reserved 1105920K
  class space    used 8417K, capacity 8904K, committed 8980K, reserved 1048576K
}
Event: 74.342 GC heap before
{Heap before GC invocations=22 (full 3):
 PSYoungGen      total 156160K, used 143424K [0x00000000eab00000, 0x00000000f5900000, 0x0000000100000000)
  eden space 143360K, 100% used [0x00000000eab00000,0x00000000f3700000,0x00000000f3700000)
  from space 12800K, 0% used [0x00000000f4400000,0x00000000f4410000,0x00000000f5080000)
  to   space 13312K, 0% used [0x00000000f3700000,0x00000000f3700000,0x00000000f4400000)
 ParOldGen       total 98304K, used 37699K [0x00000000c0000000, 0x00000000c6000000, 0x00000000eab00000)
  object space 98304K, 38% used [0x00000000c0000000,0x00000000c24d0c40,0x00000000c6000000)
 Metaspace       used 68960K, capacity 71408K, committed 71572K, reserved 1112064K
  class space    used 8987K, capacity 9527K, committed 9620K, reserved 1048576K
Event: 74.359 GC heap after
Heap after GC invocations=22 (full 3):
 PSYoungGen      total 156672K, used 8241K [0x00000000eab00000, 0x00000000f8480000, 0x0000000100000000)
  eden space 143360K, 0% used [0x00000000eab00000,0x00000000eab00000,0x00000000f3700000)
  from space 13312K, 61% used [0x00000000f3700000,0x00000000f3f0c678,0x00000000f4400000)
  to   space 13312K, 0% used [0x00000000f7780000,0x00000000f7780000,0x00000000f8480000)
 ParOldGen       total 98304K, used 37739K [0x00000000c0000000, 0x00000000c6000000, 0x00000000eab00000)
  object space 98304K, 38% used [0x00000000c0000000,0x00000000c24dac40,0x00000000c6000000)
 Metaspace       used 68960K, capacity 71408K, committed 71572K, reserved 1112064K
  class space    used 8987K, capacity 9527K, committed 9620K, reserved 1048576K
}
Event: 74.506 GC heap before
{Heap before GC invocations=23 (full 3):
 PSYoungGen      total 156672K, used 150629K [0x00000000eab00000, 0x00000000f8480000, 0x0000000100000000)
  eden space 143360K, 99% used [0x00000000eab00000,0x00000000f360d018,0x00000000f3700000)
  from space 13312K, 61% used [0x00000000f3700000,0x00000000f3f0c678,0x00000000f4400000)
  to   space 13312K, 0% used [0x00000000f7780000,0x00000000f7780000,0x00000000f8480000)
 ParOldGen       total 98304K, used 37739K [0x00000000c0000000, 0x00000000c6000000, 0x00000000eab00000)
  object space 98304K, 38% used [0x00000000c0000000,0x00000000c24dac40,0x00000000c6000000)
 Metaspace       used 68989K, capacity 71472K, committed 71828K, reserved 1112064K
  class space    used 8987K, capacity 9527K, committed 9620K, reserved 1048576K
Event: 74.512 GC heap after
Heap after GC invocations=23 (full 3):
 PSYoungGen      total 207360K, used 887K [0x00000000eab00000, 0x00000000f8380000, 0x0000000100000000)
  eden space 195072K, 0% used [0x00000000eab00000,0x00000000eab00000,0x00000000f6980000)
  from space 12288K, 7% used [0x00000000f7780000,0x00000000f785de78,0x00000000f8380000)
  to   space 13312K, 0% used [0x00000000f6980000,0x00000000f6980000,0x00000000f7680000)
 ParOldGen       total 98304K, used 41410K [0x00000000c0000000, 0x00000000c6000000, 0x00000000eab00000)
  object space 98304K, 42% used [0x00000000c0000000,0x00000000c28709c0,0x00000000c6000000)
 Metaspace       used 68989K, capacity 71472K, committed 71828K, reserved 1112064K
  class space    used 8987K, capacity 9527K, committed 9620K, reserved 1048576K
}
Event: 697.146 GC heap before
{Heap before GC invocations=24 (full 3):
 PSYoungGen      total 207360K, used 195959K [0x00000000eab00000, 0x00000000f8380000, 0x0000000100000000)
  eden space 195072K, 100% used [0x00000000eab00000,0x00000000f6980000,0x00000000f6980000)
  from space 12288K, 7% used [0x00000000f7780000,0x00000000f785de78,0x00000000f8380000)
  to   space 13312K, 0% used [0x00000000f6980000,0x00000000f6980000,0x00000000f7680000)
 ParOldGen       total 98304K, used 41410K [0x00000000c0000000, 0x00000000c6000000, 0x00000000eab00000)
  object space 98304K, 42% used [0x00000000c0000000,0x00000000c28709c0,0x00000000c6000000)
 Metaspace       used 74153K, capacity 77112K, committed 77332K, reserved 1116160K
  class space    used 9537K, capacity 10193K, committed 10260K, reserved 1048576K
Event: 697.177 GC heap after
Heap after GC invocations=24 (full 3):
 PSYoungGen      total 208384K, used 9791K [0x00000000eab00000, 0x00000000fc880000, 0x0000000100000000)
  eden space 195072K, 0% used [0x00000000eab00000,0x00000000eab00000,0x00000000f6980000)
  from space 13312K, 73% used [0x00000000f6980000,0x00000000f730fff0,0x00000000f7680000)
  to   space 14336K, 0% used [0x00000000fba80000,0x00000000fba80000,0x00000000fc880000)
 ParOldGen       total 98304K, used 41667K [0x00000000c0000000, 0x00000000c6000000, 0x00000000eab00000)
  object space 98304K, 42% used [0x00000000c0000000,0x00000000c28b0de0,0x00000000c6000000)
 Metaspace       used 74153K, capacity 77112K, committed 77332K, reserved 1116160K
  class space    used 9537K, capacity 10193K, committed 10260K, reserved 1048576K
}

