# JRE version: OpenJDK Runtime Environment (8.0_152-b01) (build 1.8.0_152-release-915-b01)
# Java VM: OpenJDK 64-Bit Server VM (25.152-b01 mixed mode windows-amd64 compressed oops)
Heap:
 PSYoungGen      total 234496K, used 207859K [0x00000000eab00000, 0x00000000fb780000, 0x0000000100000000)
  eden space 209408K, 95% used [0x00000000eab00000,0x00000000f6ed55c8,0x00000000f7780000)
  from space 25088K, 29% used [0x00000000f9f00000,0x00000000fa627708,0x00000000fb780000)
  to   space 32768K, 0% used [0x00000000f7780000,0x00000000f7780000,0x00000000f9780000)
 ParOldGen       total 167424K, used 137783K [0x00000000c0000000, 0x00000000ca380000, 0x00000000eab00000)
  object space 167424K, 82% used [0x00000000c0000000,0x00000000c868dd80,0x00000000ca380000)
 Metaspace       used 87751K, capacity 96630K, committed 96916K, reserved 1132544K
  class space    used 11147K, capacity 13138K, committed 13244K, reserved 1048576K
GC Heap History (10 events):
Event: 13084.436 GC heap before
{Heap before GC invocations=39 (full 3):
 PSYoungGen      total 256512K, used 256398K [0x00000000eab00000, 0x00000000fe680000, 0x0000000100000000)
  eden space 247296K, 100% used [0x00000000eab00000,0x00000000f9c80000,0x00000000f9c80000)
  from space 9216K, 98% used [0x00000000fa500000,0x00000000fade3a80,0x00000000fae00000)
  to   space 37888K, 0% used [0x00000000fc180000,0x00000000fc180000,0x00000000fe680000)
 ParOldGen       total 167424K, used 137743K [0x00000000c0000000, 0x00000000ca380000, 0x00000000eab00000)
  object space 167424K, 82% used [0x00000000c0000000,0x00000000c8683d80,0x00000000ca380000)
 Metaspace       used 86744K, capacity 94692K, committed 94868K, reserved 1132544K
  class space    used 11018K, capacity 12723K, committed 12732K, reserved 1048576K
Event: 13084.500 GC heap after
Heap after GC invocations=39 (full 3):
 PSYoungGen      total 267776K, used 19268K [0x00000000eab00000, 0x00000000fdd80000, 0x0000000100000000)
  eden space 239104K, 0% used [0x00000000eab00000,0x00000000eab00000,0x00000000f9480000)
  from space 28672K, 67% used [0x00000000fc180000,0x00000000fd4513f8,0x00000000fdd80000)
  to   space 37376K, 0% used [0x00000000f9480000,0x00000000f9480000,0x00000000fb900000)
 ParOldGen       total 167424K, used 137751K [0x00000000c0000000, 0x00000000ca380000, 0x00000000eab00000)
  object space 167424K, 82% used [0x00000000c0000000,0x00000000c8685d80,0x00000000ca380000)
 Metaspace       used 86744K, capacity 94692K, committed 94868K, reserved 1132544K
  class space    used 11018K, capacity 12723K, committed 12732K, reserved 1048576K
}
Event: 13444.247 GC heap before
{Heap before GC invocations=40 (full 3):
 PSYoungGen      total 267776K, used 258372K [0x00000000eab00000, 0x00000000fdd80000, 0x0000000100000000)
  eden space 239104K, 100% used [0x00000000eab00000,0x00000000f9480000,0x00000000f9480000)
  from space 28672K, 67% used [0x00000000fc180000,0x00000000fd4513f8,0x00000000fdd80000)
  to   space 37376K, 0% used [0x00000000f9480000,0x00000000f9480000,0x00000000fb900000)
 ParOldGen       total 167424K, used 137751K [0x00000000c0000000, 0x00000000ca380000, 0x00000000eab00000)
  object space 167424K, 82% used [0x00000000c0000000,0x00000000c8685d80,0x00000000ca380000)
 Metaspace       used 87033K, capacity 95240K, committed 95508K, reserved 1132544K
  class space    used 11055K, capacity 12831K, committed 12860K, reserved 1048576K
Event: 13444.272 GC heap after
Heap after GC invocations=40 (full 3):
 PSYoungGen      total 244224K, used 12378K [0x00000000eab00000, 0x00000000fd300000, 0x0000000100000000)
  eden space 231424K, 0% used [0x00000000eab00000,0x00000000eab00000,0x00000000f8d00000)
  from space 12800K, 96% used [0x00000000f9480000,0x00000000fa096a88,0x00000000fa100000)
  to   space 35840K, 0% used [0x00000000fb000000,0x00000000fb000000,0x00000000fd300000)
 ParOldGen       total 167424K, used 137759K [0x00000000c0000000, 0x00000000ca380000, 0x00000000eab00000)
  object space 167424K, 82% used [0x00000000c0000000,0x00000000c8687d80,0x00000000ca380000)
 Metaspace       used 87033K, capacity 95240K, committed 95508K, reserved 1132544K
  class space    used 11055K, capacity 12831K, committed 12860K, reserved 1048576K
}
Event: 14429.265 GC heap before
{Heap before GC invocations=41 (full 3):
 PSYoungGen      total 244224K, used 243802K [0x00000000eab00000, 0x00000000fd300000, 0x0000000100000000)
  eden space 231424K, 100% used [0x00000000eab00000,0x00000000f8d00000,0x00000000f8d00000)
  from space 12800K, 96% used [0x00000000f9480000,0x00000000fa096a88,0x00000000fa100000)
  to   space 35840K, 0% used [0x00000000fb000000,0x00000000fb000000,0x00000000fd300000)
 ParOldGen       total 167424K, used 137759K [0x00000000c0000000, 0x00000000ca380000, 0x00000000eab00000)
  object space 167424K, 82% used [0x00000000c0000000,0x00000000c8687d80,0x00000000ca380000)
 Metaspace       used 87221K, capacity 95758K, committed 95892K, reserved 1132544K
  class space    used 11079K, capacity 12914K, committed 12988K, reserved 1048576K
Event: 14429.300 GC heap after
Heap after GC invocations=41 (full 3):
 PSYoungGen      total 248832K, used 11863K [0x00000000eab00000, 0x00000000fc880000, 0x0000000100000000)
  eden space 223744K, 0% used [0x00000000eab00000,0x00000000eab00000,0x00000000f8580000)
  from space 25088K, 47% used [0x00000000fb000000,0x00000000fbb95d60,0x00000000fc880000)
  to   space 34304K, 0% used [0x00000000f8580000,0x00000000f8580000,0x00000000fa700000)
 ParOldGen       total 167424K, used 137767K [0x00000000c0000000, 0x00000000ca380000, 0x00000000eab00000)
  object space 167424K, 82% used [0x00000000c0000000,0x00000000c8689d80,0x00000000ca380000)
 Metaspace       used 87221K, capacity 95758K, committed 95892K, reserved 1132544K
  class space    used 11079K, capacity 12914K, committed 12988K, reserved 1048576K
}
Event: 14477.465 GC heap before
{Heap before GC invocations=42 (full 3):
 PSYoungGen      total 248832K, used 235607K [0x00000000eab00000, 0x00000000fc880000, 0x0000000100000000)
  eden space 223744K, 100% used [0x00000000eab00000,0x00000000f8580000,0x00000000f8580000)
  from space 25088K, 47% used [0x00000000fb000000,0x00000000fbb95d60,0x00000000fc880000)
  to   space 34304K, 0% used [0x00000000f8580000,0x00000000f8580000,0x00000000fa700000)
 ParOldGen       total 167424K, used 137767K [0x00000000c0000000, 0x00000000ca380000, 0x00000000eab00000)
  object space 167424K, 82% used [0x00000000c0000000,0x00000000c8689d80,0x00000000ca380000)
 Metaspace       used 87379K, capacity 95998K, committed 96276K, reserved 1132544K
  class space    used 11101K, capacity 12994K, committed 13116K, reserved 1048576K
Event: 14477.478 GC heap after
Heap after GC invocations=42 (full 3):
 PSYoungGen      total 224256K, used 7565K [0x00000000eab00000, 0x00000000fbf80000, 0x0000000100000000)
  eden space 216576K, 0% used [0x00000000eab00000,0x00000000eab00000,0x00000000f7e80000)
  from space 7680K, 98% used [0x00000000f8580000,0x00000000f8ce3728,0x00000000f8d00000)
  to   space 33280K, 0% used [0x00000000f9f00000,0x00000000f9f00000,0x00000000fbf80000)
 ParOldGen       total 167424K, used 137775K [0x00000000c0000000, 0x00000000ca380000, 0x00000000eab00000)
  object space 167424K, 82% used [0x00000000c0000000,0x00000000c868bd80,0x00000000ca380000)
 Metaspace       used 87379K, capacity 95998K, committed 96276K, reserved 1132544K
  class space    used 11101K, capacity 12994K, committed 13116K, reserved 1048576K
}
Event: 14547.852 GC heap before
{Heap before GC invocations=43 (full 3):
 PSYoungGen      total 224256K, used 224141K [0x00000000eab00000, 0x00000000fbf80000, 0x0000000100000000)
  eden space 216576K, 100% used [0x00000000eab00000,0x00000000f7e80000,0x00000000f7e80000)
  from space 7680K, 98% used [0x00000000f8580000,0x00000000f8ce3728,0x00000000f8d00000)
  to   space 33280K, 0% used [0x00000000f9f00000,0x00000000f9f00000,0x00000000fbf80000)
 ParOldGen       total 167424K, used 137775K [0x00000000c0000000, 0x00000000ca380000, 0x00000000eab00000)
  object space 167424K, 82% used [0x00000000c0000000,0x00000000c868bd80,0x00000000ca380000)
 Metaspace       used 87562K, capacity 96332K, committed 96532K, reserved 1132544K
  class space    used 11126K, capacity 13079K, committed 13116K, reserved 1048576K
Event: 14547.871 GC heap after
Heap after GC invocations=43 (full 3):
 PSYoungGen      total 234496K, used 7325K [0x00000000eab00000, 0x00000000fb780000, 0x0000000100000000)
  eden space 209408K, 0% used [0x00000000eab00000,0x00000000eab00000,0x00000000f7780000)
  from space 25088K, 29% used [0x00000000f9f00000,0x00000000fa627708,0x00000000fb780000)
  to   space 32768K, 0% used [0x00000000f7780000,0x00000000f7780000,0x00000000f9780000)
 ParOldGen       total 167424K, used 137783K [0x00000000c0000000, 0x00000000ca380000, 0x00000000eab00000)
  object space 167424K, 82% used [0x00000000c0000000,0x00000000c868dd80,0x00000000ca380000)
 Metaspace       used 87562K, capacity 96332K, committed 96532K, reserved 1132544K
  class space    used 11126K, capacity 13079K, committed 13116K, reserved 1048576K
}

